0 info it worked if it ends with ok
1 verbose cli [ '/home/gabo/.nvm/versions/node/v0.12.18/bin/node',
1 verbose cli   '/home/gabo/.nvm/versions/node/v0.12.18/bin/npm',
1 verbose cli   'start' ]
2 info using npm@2.15.11
3 info using node@v0.12.18
4 verbose run-script [ 'prestart', 'start', 'poststart' ]
5 info prestart gaboesquivel.com@1.0.0
6 verbose unsafe-perm in lifecycle true
7 info gaboesquivel.com@1.0.0 Failed to exec prestart script
8 verbose stack Error: gaboesquivel.com@1.0.0 prestart: `npm run build`
8 verbose stack Exit status 1
8 verbose stack     at EventEmitter.<anonymous> (/home/gabo/.nvm/versions/node/v0.12.18/lib/node_modules/npm/lib/utils/lifecycle.js:217:16)
8 verbose stack     at EventEmitter.emit (events.js:110:17)
8 verbose stack     at ChildProcess.<anonymous> (/home/gabo/.nvm/versions/node/v0.12.18/lib/node_modules/npm/lib/utils/spawn.js:24:14)
8 verbose stack     at ChildProcess.emit (events.js:110:17)
8 verbose stack     at maybeClose (child_process.js:1019:16)
8 verbose stack     at Process.ChildProcess._handle.onexit (child_process.js:1091:5)
9 verbose pkgid gaboesquivel.com@1.0.0
10 verbose cwd /home/gabo/Code/hugoquickstart
11 error Linux 4.10.0-32-generic
12 error argv "/home/gabo/.nvm/versions/node/v0.12.18/bin/node" "/home/gabo/.nvm/versions/node/v0.12.18/bin/npm" "start"
13 error node v0.12.18
14 error npm  v2.15.11
15 error code ELIFECYCLE
16 error gaboesquivel.com@1.0.0 prestart: `npm run build`
16 error Exit status 1
17 error Failed at the gaboesquivel.com@1.0.0 prestart script 'npm run build'.
17 error This is most likely a problem with the gaboesquivel.com package,
17 error not with npm itself.
17 error Tell the author that this fails on your system:
17 error     npm run build
17 error You can get information on how to open an issue for this project with:
17 error     npm bugs gaboesquivel.com
17 error Or if that isn't available, you can get their info via:
17 error
17 error     npm owner ls gaboesquivel.com
17 error There is likely additional logging output above.
18 verbose exit [ 1, true ]
